<?xml version="1.0" encoding="UTF-8"?>
<testng-results ignored="0" total="2" passed="2" failed="0" skipped="0">
  <reporter-output>
  </reporter-output>
  <suite started-at="2025-08-25T09:27:08 IST" name="Default suite" finished-at="2025-08-25T09:28:22 IST" duration-ms="73866">
    <groups>
      <group name="cucumber">
        <method signature="AbstractTestNGCucumberTests.runScenario(io.cucumber.testng.PickleWrapper,io.cucumber.testng.FeatureWrapper)[pri:0, instance:runner.TestRunner@291caca8]" name="runScenario" class="io.cucumber.testng.AbstractTestNGCucumberTests"/>
      </group> <!-- cucumber -->
    </groups>
    <test started-at="2025-08-25T09:27:08 IST" name="Default test" finished-at="2025-08-25T09:28:22 IST" duration-ms="73866">
      <class name="runner.TestRunner">
        <test-method is-config="true" signature="setUpClass(org.testng.ITestContext)[pri:0, instance:runner.TestRunner@291caca8]" started-at="2025-08-25T09:27:08 IST" name="setUpClass" finished-at="2025-08-25T09:27:10 IST" duration-ms="1986" status="PASS">
          <params>
            <param index="0">
              <value>
                <![CDATA[org.testng.TestRunner@20216016]]>
              </value>
            </param>
          </params>
          <reporter-output>
          </reporter-output>
        </test-method> <!-- setUpClass -->
        <test-method signature="runScenario(io.cucumber.testng.PickleWrapper,io.cucumber.testng.FeatureWrapper)[pri:0, instance:runner.TestRunner@291caca8]" started-at="2025-08-25T09:27:10 IST" name="runScenario" description="Runs Cucumber Scenarios" data-provider="scenarios" finished-at="2025-08-25T09:27:44 IST" duration-ms="33728" status="PASS">
          <params>
            <param index="0">
              <value>
                <![CDATA["Placing the order successfully"]]>
              </value>
            </param>
            <param index="1">
              <value>
                <![CDATA["Placeorder"]]>
              </value>
            </param>
          </params>
          <reporter-output>
          </reporter-output>
        </test-method> <!-- runScenario -->
        <test-method signature="runScenario(io.cucumber.testng.PickleWrapper,io.cucumber.testng.FeatureWrapper)[pri:0, instance:runner.TestRunner@291caca8]" started-at="2025-08-25T09:27:44 IST" name="runScenario" description="Runs Cucumber Scenarios" data-provider="scenarios" finished-at="2025-08-25T09:28:21 IST" duration-ms="37804" status="PASS">
          <params>
            <param index="0">
              <value>
                <![CDATA["Placing the order successfully"]]>
              </value>
            </param>
            <param index="1">
              <value>
                <![CDATA["Placeorder"]]>
              </value>
            </param>
          </params>
          <reporter-output>
          </reporter-output>
        </test-method> <!-- runScenario -->
        <test-method is-config="true" signature="tearDownClass()[pri:0, instance:runner.TestRunner@291caca8]" started-at="2025-08-25T09:28:21 IST" name="tearDownClass" finished-at="2025-08-25T09:28:22 IST" duration-ms="268" status="PASS">
          <reporter-output>
          </reporter-output>
        </test-method> <!-- tearDownClass -->
      </class> <!-- runner.TestRunner -->
    </test> <!-- Default test -->
  </suite> <!-- Default suite -->
</testng-results>
